* installing *source* package 'eeptools' ...
** R
** data
** preparing package for lazy loading
** help
*** installing help indices
** building package indices
** testing if installed package can be loaded
*** arch - i386
 eeptools for R version 0.1
 Free and Open Software for Education Evaluation
Developed by Jared E. Knowles 2012
 For The Wisconsin Department of Public Instruction
 Distributed without warranty
*** arch - x64
 eeptools for R version 0.1
 Free and Open Software for Education Evaluation
Developed by Jared E. Knowles 2012
 For The Wisconsin Department of Public Instruction
 Distributed without warranty

* DONE (eeptools)
